INFO - 2024-12-01 08:21:18 --> Session: Class initialized using 'CodeIgniter\Session\Handlers\FileHandler' driver.
INFO - 2024-12-01 08:22:09 --> Session: Class initialized using 'CodeIgniter\Session\Handlers\FileHandler' driver.
INFO - 2024-12-01 08:22:13 --> Session: Class initialized using 'CodeIgniter\Session\Handlers\FileHandler' driver.
INFO - 2024-12-01 08:34:05 --> Session: Class initialized using 'CodeIgniter\Session\Handlers\FileHandler' driver.
INFO - 2024-12-01 08:34:33 --> Session: Class initialized using 'CodeIgniter\Session\Handlers\FileHandler' driver.
CRITICAL - 2024-12-01 11:00:36 --> Class "App\Models\postModel" not found
in APPPATH/Controllers/Home.php on line 14.
 1 SYSTEMPATH/CodeIgniter.php(906): App\Controllers\Home->__construct()
 2 SYSTEMPATH/CodeIgniter.php(490): CodeIgniter\CodeIgniter->createController()
 3 SYSTEMPATH/CodeIgniter.php(368): CodeIgniter\CodeIgniter->handleRequest(null, Object(Config\Cache), false)
 4 FCPATH/index.php(67): CodeIgniter\CodeIgniter->run()
ERROR - 2024-12-01 11:03:34 --> Error connecting to the database: mysqli_sql_exception: Unknown database 'gestionRRHH' in /var/www/html/system/Database/MySQLi/Connection.php:174
Stack trace:
#0 /var/www/html/system/Database/MySQLi/Connection.php(174): mysqli->real_connect('db', 'root', 'rootpassword', 'gestionRRHH', 3306, '', 0)
#1 /var/www/html/system/Database/BaseConnection.php(391): CodeIgniter\Database\MySQLi\Connection->connect(false)
#2 /var/www/html/system/Database/BaseConnection.php(574): CodeIgniter\Database\BaseConnection->initialize()
#3 /var/www/html/system/Database/BaseBuilder.php(1616): CodeIgniter\Database\BaseConnection->query('SELECT *\nFROM `...', Array, false)
#4 /var/www/html/system/Model.php(241): CodeIgniter\Database\BaseBuilder->get()
#5 /var/www/html/system/BaseModel.php(618): CodeIgniter\Model->doFindAll(0, 0)
#6 /var/www/html/app/Models/postModel.php(19): CodeIgniter\BaseModel->findAll()
#7 /var/www/html/app/Controllers/Home.php(20): App\Models\postModel->getAllPost()
#8 /var/www/html/system/CodeIgniter.php(934): App\Controllers\Home->index()
#9 /var/www/html/system/CodeIgniter.php(499): CodeIgniter\CodeIgniter->runController(Object(App\Controllers\Home))
#10 /var/www/html/system/CodeIgniter.php(368): CodeIgniter\CodeIgniter->handleRequest(NULL, Object(Config\Cache), false)
#11 /var/www/html/public/index.php(67): CodeIgniter\CodeIgniter->run()
#12 {main}

Next CodeIgniter\Database\Exceptions\DatabaseException: Unknown database 'gestionRRHH' in /var/www/html/system/Database/MySQLi/Connection.php:218
Stack trace:
#0 /var/www/html/system/Database/BaseConnection.php(391): CodeIgniter\Database\MySQLi\Connection->connect(false)
#1 /var/www/html/system/Database/BaseConnection.php(574): CodeIgniter\Database\BaseConnection->initialize()
#2 /var/www/html/system/Database/BaseBuilder.php(1616): CodeIgniter\Database\BaseConnection->query('SELECT *\nFROM `...', Array, false)
#3 /var/www/html/system/Model.php(241): CodeIgniter\Database\BaseBuilder->get()
#4 /var/www/html/system/BaseModel.php(618): CodeIgniter\Model->doFindAll(0, 0)
#5 /var/www/html/app/Models/postModel.php(19): CodeIgniter\BaseModel->findAll()
#6 /var/www/html/app/Controllers/Home.php(20): App\Models\postModel->getAllPost()
#7 /var/www/html/system/CodeIgniter.php(934): App\Controllers\Home->index()
#8 /var/www/html/system/CodeIgniter.php(499): CodeIgniter\CodeIgniter->runController(Object(App\Controllers\Home))
#9 /var/www/html/system/CodeIgniter.php(368): CodeIgniter\CodeIgniter->handleRequest(NULL, Object(Config\Cache), false)
#10 /var/www/html/public/index.php(67): CodeIgniter\CodeIgniter->run()
#11 {main}
CRITICAL - 2024-12-01 11:03:34 --> Unable to connect to the database.
Main connection [MySQLi]: Unknown database 'gestionRRHH'
in SYSTEMPATH/Database/BaseConnection.php on line 427.
 1 SYSTEMPATH/Database/BaseConnection.php(574): CodeIgniter\Database\BaseConnection->initialize()
 2 SYSTEMPATH/Database/BaseBuilder.php(1616): CodeIgniter\Database\BaseConnection->query('SELECT *
FROM `escritos`
WHERE `deleted_at` IS NULL', [], false)
 3 SYSTEMPATH/Model.php(241): CodeIgniter\Database\BaseBuilder->get()
 4 SYSTEMPATH/BaseModel.php(618): CodeIgniter\Model->doFindAll(0, 0)
 5 APPPATH/Models/postModel.php(19): CodeIgniter\BaseModel->findAll()
 6 APPPATH/Controllers/Home.php(20): App\Models\postModel->getAllPost()
 7 SYSTEMPATH/CodeIgniter.php(934): App\Controllers\Home->index()
 8 SYSTEMPATH/CodeIgniter.php(499): CodeIgniter\CodeIgniter->runController(Object(App\Controllers\Home))
 9 SYSTEMPATH/CodeIgniter.php(368): CodeIgniter\CodeIgniter->handleRequest(null, Object(Config\Cache), false)
10 FCPATH/index.php(67): CodeIgniter\CodeIgniter->run()
ERROR - 2024-12-01 11:04:09 --> Error connecting to the database: mysqli_sql_exception: Unknown database 'gestionRRHH' in /var/www/html/system/Database/MySQLi/Connection.php:174
Stack trace:
#0 /var/www/html/system/Database/MySQLi/Connection.php(174): mysqli->real_connect('db', 'root', 'rootpassword', 'gestionRRHH', 3306, '', 0)
#1 /var/www/html/system/Database/BaseConnection.php(391): CodeIgniter\Database\MySQLi\Connection->connect(false)
#2 /var/www/html/system/Database/BaseConnection.php(574): CodeIgniter\Database\BaseConnection->initialize()
#3 /var/www/html/system/Database/BaseBuilder.php(1616): CodeIgniter\Database\BaseConnection->query('SELECT *\nFROM `...', Array, false)
#4 /var/www/html/system/Model.php(241): CodeIgniter\Database\BaseBuilder->get()
#5 /var/www/html/system/BaseModel.php(618): CodeIgniter\Model->doFindAll(0, 0)
#6 /var/www/html/app/Models/postModel.php(19): CodeIgniter\BaseModel->findAll()
#7 /var/www/html/app/Controllers/Home.php(20): App\Models\postModel->getAllPost()
#8 /var/www/html/system/CodeIgniter.php(934): App\Controllers\Home->index()
#9 /var/www/html/system/CodeIgniter.php(499): CodeIgniter\CodeIgniter->runController(Object(App\Controllers\Home))
#10 /var/www/html/system/CodeIgniter.php(368): CodeIgniter\CodeIgniter->handleRequest(NULL, Object(Config\Cache), false)
#11 /var/www/html/public/index.php(67): CodeIgniter\CodeIgniter->run()
#12 {main}

Next CodeIgniter\Database\Exceptions\DatabaseException: Unknown database 'gestionRRHH' in /var/www/html/system/Database/MySQLi/Connection.php:218
Stack trace:
#0 /var/www/html/system/Database/BaseConnection.php(391): CodeIgniter\Database\MySQLi\Connection->connect(false)
#1 /var/www/html/system/Database/BaseConnection.php(574): CodeIgniter\Database\BaseConnection->initialize()
#2 /var/www/html/system/Database/BaseBuilder.php(1616): CodeIgniter\Database\BaseConnection->query('SELECT *\nFROM `...', Array, false)
#3 /var/www/html/system/Model.php(241): CodeIgniter\Database\BaseBuilder->get()
#4 /var/www/html/system/BaseModel.php(618): CodeIgniter\Model->doFindAll(0, 0)
#5 /var/www/html/app/Models/postModel.php(19): CodeIgniter\BaseModel->findAll()
#6 /var/www/html/app/Controllers/Home.php(20): App\Models\postModel->getAllPost()
#7 /var/www/html/system/CodeIgniter.php(934): App\Controllers\Home->index()
#8 /var/www/html/system/CodeIgniter.php(499): CodeIgniter\CodeIgniter->runController(Object(App\Controllers\Home))
#9 /var/www/html/system/CodeIgniter.php(368): CodeIgniter\CodeIgniter->handleRequest(NULL, Object(Config\Cache), false)
#10 /var/www/html/public/index.php(67): CodeIgniter\CodeIgniter->run()
#11 {main}
CRITICAL - 2024-12-01 11:04:09 --> Unable to connect to the database.
Main connection [MySQLi]: Unknown database 'gestionRRHH'
in SYSTEMPATH/Database/BaseConnection.php on line 427.
 1 SYSTEMPATH/Database/BaseConnection.php(574): CodeIgniter\Database\BaseConnection->initialize()
 2 SYSTEMPATH/Database/BaseBuilder.php(1616): CodeIgniter\Database\BaseConnection->query('SELECT *
FROM `escritos`
WHERE `deleted_at` IS NULL', [], false)
 3 SYSTEMPATH/Model.php(241): CodeIgniter\Database\BaseBuilder->get()
 4 SYSTEMPATH/BaseModel.php(618): CodeIgniter\Model->doFindAll(0, 0)
 5 APPPATH/Models/postModel.php(19): CodeIgniter\BaseModel->findAll()
 6 APPPATH/Controllers/Home.php(20): App\Models\postModel->getAllPost()
 7 SYSTEMPATH/CodeIgniter.php(934): App\Controllers\Home->index()
 8 SYSTEMPATH/CodeIgniter.php(499): CodeIgniter\CodeIgniter->runController(Object(App\Controllers\Home))
 9 SYSTEMPATH/CodeIgniter.php(368): CodeIgniter\CodeIgniter->handleRequest(null, Object(Config\Cache), false)
10 FCPATH/index.php(67): CodeIgniter\CodeIgniter->run()
CRITICAL - 2024-12-01 11:05:28 --> mysqli_result::fetch_object(): Argument #1 ($class) must be a valid class name, App\Entities\post given
in SYSTEMPATH/Database/MySQLi/Result.php on line 152.
 1 SYSTEMPATH/Database/MySQLi/Result.php(152): mysqli_result->fetch_object('App\\Entities\\post')
 2 SYSTEMPATH/Database/BaseResult.php(159): CodeIgniter\Database\MySQLi\Result->fetchObject('App\\Entities\\post')
 3 SYSTEMPATH/Database/BaseResult.php(114): CodeIgniter\Database\BaseResult->getCustomResultObject('App\\Entities\\post')
 4 SYSTEMPATH/Model.php(242): CodeIgniter\Database\BaseResult->getResult('App\\Entities\\post')
 5 SYSTEMPATH/BaseModel.php(618): CodeIgniter\Model->doFindAll(0, 0)
 6 APPPATH/Models/postModel.php(19): CodeIgniter\BaseModel->findAll()
 7 APPPATH/Controllers/Home.php(20): App\Models\postModel->getAllPost()
 8 SYSTEMPATH/CodeIgniter.php(934): App\Controllers\Home->index()
 9 SYSTEMPATH/CodeIgniter.php(499): CodeIgniter\CodeIgniter->runController(Object(App\Controllers\Home))
10 SYSTEMPATH/CodeIgniter.php(368): CodeIgniter\CodeIgniter->handleRequest(null, Object(Config\Cache), false)
11 FCPATH/index.php(67): CodeIgniter\CodeIgniter->run()
CRITICAL - 2024-12-01 11:09:41 --> Undefined variable $dataProfile
in APPPATH/Views/index.php on line 19.
 1 APPPATH/Views/index.php(19): CodeIgniter\Debug\Exceptions->errorHandler(2, 'Undefined variable $dataProfile', '/var/www/html/app/Views/index.php', 19)
 2 SYSTEMPATH/View/View.php(213): include('/var/www/html/app/Views/index.php')
 3 SYSTEMPATH/View/View.php(216): CodeIgniter\View\View->CodeIgniter\View\{closure}()
 4 SYSTEMPATH/Common.php(1184): CodeIgniter\View\View->render('index', [], true)
 5 APPPATH/Controllers/Home.php(23): view('index', [])
 6 SYSTEMPATH/CodeIgniter.php(934): App\Controllers\Home->index()
 7 SYSTEMPATH/CodeIgniter.php(499): CodeIgniter\CodeIgniter->runController(Object(App\Controllers\Home))
 8 SYSTEMPATH/CodeIgniter.php(368): CodeIgniter\CodeIgniter->handleRequest(null, Object(Config\Cache), false)
 9 FCPATH/index.php(67): CodeIgniter\CodeIgniter->run()
CRITICAL - 2024-12-01 11:11:16 --> syntax error, unexpected token ";", expecting "]"
in APPPATH/Controllers/Home.php on line 23.
 1 SYSTEMPATH/Autoloader/Autoloader.php(289): CodeIgniter\Autoloader\Autoloader->includeFile('/var/www/html/app/Controllers/Home.php')
 2 SYSTEMPATH/Autoloader/Autoloader.php(267): CodeIgniter\Autoloader\Autoloader->loadInNamespace('App\\Controllers\\Home')
 3 [internal function]: CodeIgniter\Autoloader\Autoloader->loadClass('App\\Controllers\\Home')
 4 SYSTEMPATH/CodeIgniter.php(892): class_exists('\\App\\Controllers\\Home', true)
 5 SYSTEMPATH/CodeIgniter.php(486): CodeIgniter\CodeIgniter->startController()
 6 SYSTEMPATH/CodeIgniter.php(368): CodeIgniter\CodeIgniter->handleRequest(null, Object(Config\Cache), false)
 7 FCPATH/index.php(67): CodeIgniter\CodeIgniter->run()
CRITICAL - 2024-12-01 11:12:39 --> Cannot use object of type App\Entities\post as array
in APPPATH/Views/index.php on line 21.
 1 SYSTEMPATH/View/View.php(213): include()
 2 SYSTEMPATH/View/View.php(216): CodeIgniter\View\View->CodeIgniter\View\{closure}()
 3 SYSTEMPATH/Common.php(1184): CodeIgniter\View\View->render('index', [], true)
 4 APPPATH/Controllers/Home.php(26): view('index', [...])
 5 SYSTEMPATH/CodeIgniter.php(934): App\Controllers\Home->index()
 6 SYSTEMPATH/CodeIgniter.php(499): CodeIgniter\CodeIgniter->runController(Object(App\Controllers\Home))
 7 SYSTEMPATH/CodeIgniter.php(368): CodeIgniter\CodeIgniter->handleRequest(null, Object(Config\Cache), false)
 8 FCPATH/index.php(67): CodeIgniter\CodeIgniter->run()
CRITICAL - 2024-12-01 11:12:55 --> Cannot use object of type App\Entities\post as array
in APPPATH/Views/index.php on line 21.
 1 SYSTEMPATH/View/View.php(213): include()
 2 SYSTEMPATH/View/View.php(216): CodeIgniter\View\View->CodeIgniter\View\{closure}()
 3 SYSTEMPATH/Common.php(1184): CodeIgniter\View\View->render('index', [], true)
 4 APPPATH/Controllers/Home.php(26): view('index', [...])
 5 SYSTEMPATH/CodeIgniter.php(934): App\Controllers\Home->index()
 6 SYSTEMPATH/CodeIgniter.php(499): CodeIgniter\CodeIgniter->runController(Object(App\Controllers\Home))
 7 SYSTEMPATH/CodeIgniter.php(368): CodeIgniter\CodeIgniter->handleRequest(null, Object(Config\Cache), false)
 8 FCPATH/index.php(67): CodeIgniter\CodeIgniter->run()
CRITICAL - 2024-12-01 11:13:41 --> Cannot use object of type App\Entities\post as array
in APPPATH/Views/index.php on line 21.
 1 SYSTEMPATH/View/View.php(213): include()
 2 SYSTEMPATH/View/View.php(216): CodeIgniter\View\View->CodeIgniter\View\{closure}()
 3 SYSTEMPATH/Common.php(1184): CodeIgniter\View\View->render('index', [], true)
 4 APPPATH/Controllers/Home.php(26): view('index', [...])
 5 SYSTEMPATH/CodeIgniter.php(934): App\Controllers\Home->index()
 6 SYSTEMPATH/CodeIgniter.php(499): CodeIgniter\CodeIgniter->runController(Object(App\Controllers\Home))
 7 SYSTEMPATH/CodeIgniter.php(368): CodeIgniter\CodeIgniter->handleRequest(null, Object(Config\Cache), false)
 8 FCPATH/index.php(67): CodeIgniter\CodeIgniter->run()
CRITICAL - 2024-12-01 11:19:30 --> Unclosed '{' on line 8
in APPPATH/Entities/post.php on line 18.
 1 SYSTEMPATH/Autoloader/Autoloader.php(289): CodeIgniter\Autoloader\Autoloader->includeFile('/var/www/html/app/Entities/post.php')
 2 SYSTEMPATH/Autoloader/Autoloader.php(267): CodeIgniter\Autoloader\Autoloader->loadInNamespace('App\\Entities\\post')
 3 [internal function]: CodeIgniter\Autoloader\Autoloader->loadClass('App\\Entities\\post')
 4 SYSTEMPATH/Database/MySQLi/Result.php(148): is_subclass_of('App\\Entities\\post', 'CodeIgniter\\Entity\\Entity')
 5 SYSTEMPATH/Database/BaseResult.php(159): CodeIgniter\Database\MySQLi\Result->fetchObject('App\\Entities\\post')
 6 SYSTEMPATH/Database/BaseResult.php(114): CodeIgniter\Database\BaseResult->getCustomResultObject('App\\Entities\\post')
 7 SYSTEMPATH/Model.php(242): CodeIgniter\Database\BaseResult->getResult('App\\Entities\\post')
 8 SYSTEMPATH/BaseModel.php(618): CodeIgniter\Model->doFindAll(0, 0)
 9 APPPATH/Models/postModel.php(19): CodeIgniter\BaseModel->findAll()
10 APPPATH/Controllers/Home.php(20): App\Models\postModel->getAllPost()
11 SYSTEMPATH/CodeIgniter.php(934): App\Controllers\Home->index()
12 SYSTEMPATH/CodeIgniter.php(499): CodeIgniter\CodeIgniter->runController(Object(App\Controllers\Home))
13 SYSTEMPATH/CodeIgniter.php(368): CodeIgniter\CodeIgniter->handleRequest(null, Object(Config\Cache), false)
14 FCPATH/index.php(67): CodeIgniter\CodeIgniter->run()
CRITICAL - 2024-12-01 11:53:02 --> Cannot use object of type App\Entities\post as array
in APPPATH/Models/postModel.php on line 22.
 1 APPPATH/Controllers/Home.php(20): App\Models\postModel->getAllPost()
 2 SYSTEMPATH/CodeIgniter.php(934): App\Controllers\Home->index()
 3 SYSTEMPATH/CodeIgniter.php(499): CodeIgniter\CodeIgniter->runController(Object(App\Controllers\Home))
 4 SYSTEMPATH/CodeIgniter.php(368): CodeIgniter\CodeIgniter->handleRequest(null, Object(Config\Cache), false)
 5 FCPATH/index.php(67): CodeIgniter\CodeIgniter->run()
CRITICAL - 2024-12-01 12:47:58 --> Too few arguments to function App\Models\postModel::getAllPost(), 0 passed in /var/www/html/app/Controllers/Home.php on line 20 and exactly 1 expected
in APPPATH/Models/postModel.php on line 15.
 1 APPPATH/Controllers/Home.php(20): App\Models\postModel->getAllPost()
 2 SYSTEMPATH/CodeIgniter.php(934): App\Controllers\Home->index()
 3 SYSTEMPATH/CodeIgniter.php(499): CodeIgniter\CodeIgniter->runController(Object(App\Controllers\Home))
 4 SYSTEMPATH/CodeIgniter.php(368): CodeIgniter\CodeIgniter->handleRequest(null, Object(Config\Cache), false)
 5 FCPATH/index.php(67): CodeIgniter\CodeIgniter->run()
CRITICAL - 2024-12-01 12:48:36 --> Undefined variable $id
in APPPATH/Models/postModel.php on line 18.
 1 APPPATH/Models/postModel.php(18): CodeIgniter\Debug\Exceptions->errorHandler(2, 'Undefined variable $id', '/var/www/html/app/Models/postModel.php', 18)
 2 APPPATH/Controllers/Home.php(20): App\Models\postModel->getAllPost()
 3 SYSTEMPATH/CodeIgniter.php(934): App\Controllers\Home->index()
 4 SYSTEMPATH/CodeIgniter.php(499): CodeIgniter\CodeIgniter->runController(Object(App\Controllers\Home))
 5 SYSTEMPATH/CodeIgniter.php(368): CodeIgniter\CodeIgniter->handleRequest(null, Object(Config\Cache), false)
 6 FCPATH/index.php(67): CodeIgniter\CodeIgniter->run()
CRITICAL - 2024-12-01 13:18:42 --> syntax error, unexpected token "echo"
in APPPATH/Views/postView.php on line 4.
 1 SYSTEMPATH/View/View.php(216): CodeIgniter\View\View->CodeIgniter\View\{closure}()
 2 SYSTEMPATH/Common.php(1184): CodeIgniter\View\View->render('postView', [], true)
 3 APPPATH/Controllers/postController.php(28): view('postView', [...])
 4 SYSTEMPATH/CodeIgniter.php(934): App\Controllers\PostController->post('1')
 5 SYSTEMPATH/CodeIgniter.php(499): CodeIgniter\CodeIgniter->runController(Object(App\Controllers\PostController))
 6 SYSTEMPATH/CodeIgniter.php(368): CodeIgniter\CodeIgniter->handleRequest(null, Object(Config\Cache), false)
 7 FCPATH/index.php(67): CodeIgniter\CodeIgniter->run()
CRITICAL - 2024-12-01 13:28:34 --> syntax error, unexpected token "?", expecting end of file
in APPPATH/Views/postView.php on line 33.
 1 SYSTEMPATH/View/View.php(216): CodeIgniter\View\View->CodeIgniter\View\{closure}()
 2 SYSTEMPATH/Common.php(1184): CodeIgniter\View\View->render('postView', [], true)
 3 APPPATH/Controllers/postController.php(28): view('postView', [...])
 4 SYSTEMPATH/CodeIgniter.php(934): App\Controllers\PostController->post('1')
 5 SYSTEMPATH/CodeIgniter.php(499): CodeIgniter\CodeIgniter->runController(Object(App\Controllers\PostController))
 6 SYSTEMPATH/CodeIgniter.php(368): CodeIgniter\CodeIgniter->handleRequest(null, Object(Config\Cache), false)
 7 FCPATH/index.php(67): CodeIgniter\CodeIgniter->run()
CRITICAL - 2024-12-01 13:41:12 --> syntax error, unexpected token "?", expecting end of file
in APPPATH/Views/postView.php on line 33.
 1 SYSTEMPATH/View/View.php(216): CodeIgniter\View\View->CodeIgniter\View\{closure}()
 2 SYSTEMPATH/Common.php(1184): CodeIgniter\View\View->render('postView', [], true)
 3 APPPATH/Controllers/postController.php(28): view('postView', [...])
 4 SYSTEMPATH/CodeIgniter.php(934): App\Controllers\PostController->post('1')
 5 SYSTEMPATH/CodeIgniter.php(499): CodeIgniter\CodeIgniter->runController(Object(App\Controllers\PostController))
 6 SYSTEMPATH/CodeIgniter.php(368): CodeIgniter\CodeIgniter->handleRequest(null, Object(Config\Cache), false)
 7 FCPATH/index.php(67): CodeIgniter\CodeIgniter->run()
CRITICAL - 2024-12-01 13:43:58 --> syntax error, unexpected end of file
in APPPATH/Views/postView.php on line 33.
 1 SYSTEMPATH/View/View.php(216): CodeIgniter\View\View->CodeIgniter\View\{closure}()
 2 SYSTEMPATH/Common.php(1184): CodeIgniter\View\View->render('postView', [], true)
 3 APPPATH/Controllers/postController.php(28): view('postView', [...])
 4 SYSTEMPATH/CodeIgniter.php(934): App\Controllers\PostController->post('1')
 5 SYSTEMPATH/CodeIgniter.php(499): CodeIgniter\CodeIgniter->runController(Object(App\Controllers\PostController))
 6 SYSTEMPATH/CodeIgniter.php(368): CodeIgniter\CodeIgniter->handleRequest(null, Object(Config\Cache), false)
 7 FCPATH/index.php(67): CodeIgniter\CodeIgniter->run()
CRITICAL - 2024-12-01 13:54:21 --> syntax error, unexpected token "?", expecting end of file
in APPPATH/Views/postView.php on line 34.
 1 SYSTEMPATH/View/View.php(216): CodeIgniter\View\View->CodeIgniter\View\{closure}()
 2 SYSTEMPATH/Common.php(1184): CodeIgniter\View\View->render('postView', [], true)
 3 APPPATH/Controllers/postController.php(28): view('postView', [...])
 4 SYSTEMPATH/CodeIgniter.php(934): App\Controllers\PostController->post('1')
 5 SYSTEMPATH/CodeIgniter.php(499): CodeIgniter\CodeIgniter->runController(Object(App\Controllers\PostController))
 6 SYSTEMPATH/CodeIgniter.php(368): CodeIgniter\CodeIgniter->handleRequest(null, Object(Config\Cache), false)
 7 FCPATH/index.php(67): CodeIgniter\CodeIgniter->run()
CRITICAL - 2024-12-01 13:54:30 --> syntax error, unexpected variable "$data", expecting "," or ";"
in APPPATH/Views/postView.php on line 4.
 1 SYSTEMPATH/View/View.php(216): CodeIgniter\View\View->CodeIgniter\View\{closure}()
 2 SYSTEMPATH/Common.php(1184): CodeIgniter\View\View->render('postView', [], true)
 3 APPPATH/Controllers/postController.php(28): view('postView', [...])
 4 SYSTEMPATH/CodeIgniter.php(934): App\Controllers\PostController->post('1')
 5 SYSTEMPATH/CodeIgniter.php(499): CodeIgniter\CodeIgniter->runController(Object(App\Controllers\PostController))
 6 SYSTEMPATH/CodeIgniter.php(368): CodeIgniter\CodeIgniter->handleRequest(null, Object(Config\Cache), false)
 7 FCPATH/index.php(67): CodeIgniter\CodeIgniter->run()
CRITICAL - 2024-12-01 14:12:06 --> Undefined variable $imageUrl
in APPPATH/Views/postView.php on line 3.
 1 APPPATH/Views/postView.php(3): CodeIgniter\Debug\Exceptions->errorHandler(2, 'Undefined variable $imageUrl', '/var/www/html/app/Views/postView.php', 3)
 2 SYSTEMPATH/View/View.php(213): include('/var/www/html/app/Views/postView.php')
 3 SYSTEMPATH/View/View.php(216): CodeIgniter\View\View->CodeIgniter\View\{closure}()
 4 SYSTEMPATH/Common.php(1184): CodeIgniter\View\View->render('postView', [], true)
 5 APPPATH/Controllers/postController.php(28): view('postView', [...])
 6 SYSTEMPATH/CodeIgniter.php(934): App\Controllers\PostController->post('1')
 7 SYSTEMPATH/CodeIgniter.php(499): CodeIgniter\CodeIgniter->runController(Object(App\Controllers\PostController))
 8 SYSTEMPATH/CodeIgniter.php(368): CodeIgniter\CodeIgniter->handleRequest(null, Object(Config\Cache), false)
 9 FCPATH/index.php(67): CodeIgniter\CodeIgniter->run()
CRITICAL - 2024-12-01 14:19:47 --> syntax error, unexpected end of file
in APPPATH/Views/postView.php on line 32.
 1 SYSTEMPATH/View/View.php(216): CodeIgniter\View\View->CodeIgniter\View\{closure}()
 2 SYSTEMPATH/Common.php(1184): CodeIgniter\View\View->render('postView', [], true)
 3 APPPATH/Controllers/postController.php(28): view('postView', [...])
 4 SYSTEMPATH/CodeIgniter.php(934): App\Controllers\PostController->post('1')
 5 SYSTEMPATH/CodeIgniter.php(499): CodeIgniter\CodeIgniter->runController(Object(App\Controllers\PostController))
 6 SYSTEMPATH/CodeIgniter.php(368): CodeIgniter\CodeIgniter->handleRequest(null, Object(Config\Cache), false)
 7 FCPATH/index.php(67): CodeIgniter\CodeIgniter->run()
CRITICAL - 2024-12-01 14:21:02 --> syntax error, unexpected token "?", expecting end of file
in APPPATH/Views/postView.php on line 36.
 1 SYSTEMPATH/View/View.php(216): CodeIgniter\View\View->CodeIgniter\View\{closure}()
 2 SYSTEMPATH/Common.php(1184): CodeIgniter\View\View->render('postView', [], true)
 3 APPPATH/Controllers/postController.php(28): view('postView', [...])
 4 SYSTEMPATH/CodeIgniter.php(934): App\Controllers\PostController->post('1')
 5 SYSTEMPATH/CodeIgniter.php(499): CodeIgniter\CodeIgniter->runController(Object(App\Controllers\PostController))
 6 SYSTEMPATH/CodeIgniter.php(368): CodeIgniter\CodeIgniter->handleRequest(null, Object(Config\Cache), false)
 7 FCPATH/index.php(67): CodeIgniter\CodeIgniter->run()
CRITICAL - 2024-12-01 14:21:23 --> syntax error, unexpected token ";", expecting ")"
in APPPATH/Views/postView.php on line 30.
 1 SYSTEMPATH/View/View.php(216): CodeIgniter\View\View->CodeIgniter\View\{closure}()
 2 SYSTEMPATH/Common.php(1184): CodeIgniter\View\View->render('postView', [], true)
 3 APPPATH/Controllers/postController.php(28): view('postView', [...])
 4 SYSTEMPATH/CodeIgniter.php(934): App\Controllers\PostController->post('1')
 5 SYSTEMPATH/CodeIgniter.php(499): CodeIgniter\CodeIgniter->runController(Object(App\Controllers\PostController))
 6 SYSTEMPATH/CodeIgniter.php(368): CodeIgniter\CodeIgniter->handleRequest(null, Object(Config\Cache), false)
 7 FCPATH/index.php(67): CodeIgniter\CodeIgniter->run()
CRITICAL - 2024-12-01 14:33:39 --> Cannot use object of type App\Entities\post as array
in APPPATH/Views/index.php on line 21.
 1 SYSTEMPATH/View/View.php(213): include()
 2 SYSTEMPATH/View/View.php(216): CodeIgniter\View\View->CodeIgniter\View\{closure}()
 3 SYSTEMPATH/Common.php(1184): CodeIgniter\View\View->render('index', [], true)
 4 APPPATH/Controllers/Home.php(27): view('index', [...])
 5 SYSTEMPATH/CodeIgniter.php(934): App\Controllers\Home->index()
 6 SYSTEMPATH/CodeIgniter.php(499): CodeIgniter\CodeIgniter->runController(Object(App\Controllers\Home))
 7 SYSTEMPATH/CodeIgniter.php(368): CodeIgniter\CodeIgniter->handleRequest(null, Object(Config\Cache), false)
 8 FCPATH/index.php(67): CodeIgniter\CodeIgniter->run()
